<?xml version="1.0" encoding="UTF-8"?>
<!-- Generated by org.testng.reporters.JUnitXMLReporter -->
<testsuite hostname="DESKTOP-7GVQ1KM" ignored="0" name="Command line test" tests="5" failures="3" timestamp="17 May 2021 14:25:19 GMT" time="61.269" errors="0">
  <testcase name="loginTest" time="26.749" classname="com.payBox.testCases.TC_LoginTest"/>
  <testcase name="loginTest" time="4.42" classname="com.payBox.testCases.TC_LoginTest">
    <failure type="java.lang.AssertionError" message="expected [true] but found [false]">
      <![CDATA[java.lang.AssertionError: expected [true] but found [false]
at com.payBox.testCases.TC_LoginTest.loginTest(TC_LoginTest.java:32)
... Removed 38 stack frames]]>
    </failure>
  </testcase> <!-- loginTest -->
  <testcase name="loginTest" time="2.828" classname="com.payBox.testCases.TC_LoginTest">
    <failure type="java.lang.AssertionError" message="expected [true] but found [false]">
      <![CDATA[java.lang.AssertionError: expected [true] but found [false]
at com.payBox.testCases.TC_LoginTest.loginTest(TC_LoginTest.java:32)
... Removed 38 stack frames]]>
    </failure>
  </testcase> <!-- loginTest -->
  <testcase name="loginTest" time="3.032" classname="com.payBox.testCases.TC_LoginTest">
    <failure type="java.lang.AssertionError" message="expected [true] but found [false]">
      <![CDATA[java.lang.AssertionError: expected [true] but found [false]
at com.payBox.testCases.TC_LoginTest.loginTest(TC_LoginTest.java:32)
... Removed 38 stack frames]]>
    </failure>
  </testcase> <!-- loginTest -->
  <testcase name="loginTest" time="12.47" classname="com.payBox.testCases.TC_LoginTest"/>
</testsuite> <!-- Command line test -->
