<?xml version="1.0" encoding="UTF-8"?>
<!-- Generated by org.testng.reporters.JUnitXMLReporter -->
<testsuite hostname="DESKTOP-7GVQ1KM" ignored="0" name="Box Test Cases" tests="7" failures="5" timestamp="19 May 2021 20:58:51 GMT" time="181.83" errors="0">
  <testcase name="addNewFolder" time="22.061" classname="com.payBox.testCases.TC_AddFolderTest">
    <failure type="java.lang.AssertionError" message="expected [true] but found [false]">
      <![CDATA[java.lang.AssertionError: expected [true] but found [false]
at com.payBox.testCases.TC_AddFolderTest.addNewFolder(TC_AddFolderTest.java:44)
... Removed 38 stack frames]]>
    </failure>
  </testcase> <!-- addNewFolder -->
  <testcase name="uploadFile" time="52.514" classname="com.payBox.testCases.TC_UploadTest"/>
  <testcase name="loginTest" time="41.5" classname="com.payBox.testCases.TC_LoginTest_DDT"/>
  <testcase name="loginTest" time="12.031" classname="com.payBox.testCases.TC_LoginTest_DDT">
    <failure type="java.lang.AssertionError" message="expected [true] but found [false]">
      <![CDATA[java.lang.AssertionError: expected [true] but found [false]
at com.payBox.testCases.TC_LoginTest_DDT.loginTest(TC_LoginTest_DDT.java:40)
... Removed 38 stack frames]]>
    </failure>
  </testcase> <!-- loginTest -->
  <testcase name="loginTest" time="7.484" classname="com.payBox.testCases.TC_LoginTest_DDT">
    <failure type="java.lang.AssertionError" message="expected [true] but found [false]">
      <![CDATA[java.lang.AssertionError: expected [true] but found [false]
at com.payBox.testCases.TC_LoginTest_DDT.loginTest(TC_LoginTest_DDT.java:40)
... Removed 38 stack frames]]>
    </failure>
  </testcase> <!-- loginTest -->
  <testcase name="loginTest" time="7.955" classname="com.payBox.testCases.TC_LoginTest_DDT">
    <failure type="java.lang.AssertionError" message="expected [true] but found [false]">
      <![CDATA[java.lang.AssertionError: expected [true] but found [false]
at com.payBox.testCases.TC_LoginTest_DDT.loginTest(TC_LoginTest_DDT.java:40)
... Removed 38 stack frames]]>
    </failure>
  </testcase> <!-- loginTest -->
  <testcase name="loginTest" time="7.469" classname="com.payBox.testCases.TC_LoginTest_DDT">
    <failure type="java.lang.AssertionError" message="expected [true] but found [false]">
      <![CDATA[java.lang.AssertionError: expected [true] but found [false]
at com.payBox.testCases.TC_LoginTest_DDT.loginTest(TC_LoginTest_DDT.java:40)
... Removed 38 stack frames]]>
    </failure>
  </testcase> <!-- loginTest -->
</testsuite> <!-- Box Test Cases -->
