<?xml version="1.0" encoding="UTF-8"?>
<!-- Generated by org.testng.reporters.JUnitXMLReporter -->
<testsuite hostname="DESKTOP-7GVQ1KM" ignored="0" name="Default test" tests="1" failures="0" timestamp="16 May 2021 12:19:45 GMT" time="1.452" errors="0">
  <testcase name="@BeforeClass setUp" time="1.388" classname="com.payBox.testCases.BaseClass">
    <failure type="java.lang.NoSuchMethodError" message="org.apache.commons.io.IOUtils.toString(Ljava/io/InputStream;Ljava/nio/charset/Charset;)Ljava/lang/String;">
      <![CDATA[java.lang.NoSuchMethodError: org.apache.commons.io.IOUtils.toString(Ljava/io/InputStream;Ljava/nio/charset/Charset;)Ljava/lang/String;
at io.github.bonigarcia.wdm.versions.VersionDetector.getProperties(VersionDetector.java:232)
at io.github.bonigarcia.wdm.versions.VersionDetector.getBrowserVersionFromTheShell(VersionDetector.java:137)
at io.github.bonigarcia.wdm.WebDriverManager.getBrowserVersionFromTheShell(WebDriverManager.java:731)
at io.github.bonigarcia.wdm.WebDriverManager.detectBrowserVersion(WebDriverManager.java:751)
at io.github.bonigarcia.wdm.WebDriverManager.resolveDriverVersion(WebDriverManager.java:614)
at io.github.bonigarcia.wdm.WebDriverManager.manage(WebDriverManager.java:565)
at io.github.bonigarcia.wdm.WebDriverManager.setup(WebDriverManager.java:287)
at com.payBox.testCases.BaseClass.setUp(BaseClass.java:19)
at sun.reflect.NativeMethodAccessorImpl.invoke0(Native Method)
at sun.reflect.NativeMethodAccessorImpl.invoke(NativeMethodAccessorImpl.java:62)
at sun.reflect.DelegatingMethodAccessorImpl.invoke(DelegatingMethodAccessorImpl.java:43)
at java.lang.reflect.Method.invoke(Method.java:498)
at org.testng.internal.MethodInvocationHelper.invokeMethod(MethodInvocationHelper.java:124)
at org.testng.internal.MethodInvocationHelper.invokeMethodConsideringTimeout(MethodInvocationHelper.java:59)
at org.testng.internal.Invoker.invokeConfigurationMethod(Invoker.java:458)
at org.testng.internal.Invoker.invokeConfigurations(Invoker.java:222)
at org.testng.internal.Invoker.invokeConfigurations(Invoker.java:142)
at org.testng.internal.TestMethodWorker.invokeBeforeClassMethods(TestMethodWorker.java:168)
at org.testng.internal.TestMethodWorker.run(TestMethodWorker.java:105)
at org.testng.TestRunner.privateRun(TestRunner.java:648)
at org.testng.TestRunner.run(TestRunner.java:505)
at org.testng.SuiteRunner.runTest(SuiteRunner.java:455)
at org.testng.SuiteRunner.runSequentially(SuiteRunner.java:450)
at org.testng.SuiteRunner.privateRun(SuiteRunner.java:415)
at org.testng.SuiteRunner.run(SuiteRunner.java:364)
at org.testng.SuiteRunnerWorker.runSuite(SuiteRunnerWorker.java:52)
at org.testng.SuiteRunnerWorker.run(SuiteRunnerWorker.java:84)
at org.testng.TestNG.runSuitesSequentially(TestNG.java:1208)
at org.testng.TestNG.runSuitesLocally(TestNG.java:1137)
at org.testng.TestNG.runSuites(TestNG.java:1049)
at org.testng.TestNG.run(TestNG.java:1017)
at org.testng.remote.AbstractRemoteTestNG.run(AbstractRemoteTestNG.java:115)
at org.testng.remote.RemoteTestNG.initAndRun(RemoteTestNG.java:251)
at org.testng.remote.RemoteTestNG.main(RemoteTestNG.java:77)
]]>
    </failure>
  </testcase> <!-- @BeforeClass setUp -->
  <testcase name="@AfterClass tearDown" time="0.0" classname="com.payBox.testCases.BaseClass">
    <skipped/>
  </testcase> <!-- @AfterClass tearDown -->
  <testcase name="loginTest" time="0.0" classname="com.payBox.testCases.TC_LoginTest">
    <skipped/>
  </testcase> <!-- loginTest -->
</testsuite> <!-- Default test -->
