<?xml version="1.0" encoding="UTF-8"?>
<!-- Generated by org.testng.reporters.JUnitXMLReporter -->
<testsuite hostname="DESKTOP-7GVQ1KM" ignored="0" name="Test" tests="5" failures="4" timestamp="17 May 2021 14:38:44 GMT" time="59.964" errors="0">
  <testcase name="loginTest" time="20.038" classname="com.payBox.testCases.TC_LoginTest"/>
  <testcase name="loginTest" time="6.389" classname="com.payBox.testCases.TC_LoginTest">
    <failure type="java.lang.AssertionError" message="expected [true] but found [false]">
      <![CDATA[java.lang.AssertionError: expected [true] but found [false]
at com.payBox.testCases.TC_LoginTest.loginTest(TC_LoginTest.java:32)
... Removed 29 stack frames]]>
    </failure>
  </testcase> <!-- loginTest -->
  <testcase name="loginTest" time="5.556" classname="com.payBox.testCases.TC_LoginTest">
    <failure type="java.lang.AssertionError" message="expected [true] but found [false]">
      <![CDATA[java.lang.AssertionError: expected [true] but found [false]
at com.payBox.testCases.TC_LoginTest.loginTest(TC_LoginTest.java:32)
... Removed 29 stack frames]]>
    </failure>
  </testcase> <!-- loginTest -->
  <testcase name="loginTest" time="4.096" classname="com.payBox.testCases.TC_LoginTest">
    <failure type="java.lang.AssertionError" message="expected [true] but found [false]">
      <![CDATA[java.lang.AssertionError: expected [true] but found [false]
at com.payBox.testCases.TC_LoginTest.loginTest(TC_LoginTest.java:32)
... Removed 29 stack frames]]>
    </failure>
  </testcase> <!-- loginTest -->
  <testcase name="loginTest" time="3.978" classname="com.payBox.testCases.TC_LoginTest">
    <failure type="java.lang.AssertionError" message="expected [true] but found [false]">
      <![CDATA[java.lang.AssertionError: expected [true] but found [false]
at com.payBox.testCases.TC_LoginTest.loginTest(TC_LoginTest.java:32)
... Removed 29 stack frames]]>
    </failure>
  </testcase> <!-- loginTest -->
</testsuite> <!-- Test -->
