<?xml version="1.0" encoding="UTF-8"?>
<testng-results skipped="0" failed="0" ignored="0" total="1" passed="1">
  <reporter-output>
  </reporter-output>
  <suite name="com.payBox.testCases.TC_LoginTest" duration-ms="39068" started-at="2021-05-17T07:16:34Z" finished-at="2021-05-17T07:17:13Z">
    <groups>
    </groups>
    <test name="Command line test" duration-ms="39068" started-at="2021-05-17T07:16:34Z" finished-at="2021-05-17T07:17:13Z">
      <class name="com.payBox.testCases.TC_LoginTest">
        <test-method status="PASS" signature="setUp()[pri:0, instance:com.payBox.testCases.TC_LoginTest@1324409e]" name="setUp" is-config="true" duration-ms="17121" started-at="2021-05-17T07:16:34Z" finished-at="2021-05-17T07:16:51Z">
          <reporter-output>
          </reporter-output>
        </test-method> <!-- setUp -->
        <test-method status="PASS" signature="loginTest()[pri:0, instance:com.payBox.testCases.TC_LoginTest@1324409e]" name="loginTest" duration-ms="20243" started-at="2021-05-17T07:16:51Z" finished-at="2021-05-17T07:17:11Z">
          <reporter-output>
          </reporter-output>
        </test-method> <!-- loginTest -->
        <test-method status="PASS" signature="tearDown()[pri:0, instance:com.payBox.testCases.TC_LoginTest@1324409e]" name="tearDown" is-config="true" duration-ms="1634" started-at="2021-05-17T07:17:11Z" finished-at="2021-05-17T07:17:13Z">
          <reporter-output>
          </reporter-output>
        </test-method> <!-- tearDown -->
      </class> <!-- com.payBox.testCases.TC_LoginTest -->
    </test> <!-- Command line test -->
  </suite> <!-- com.payBox.testCases.TC_LoginTest -->
</testng-results>
