<?xml version="1.0" encoding="UTF-8" ?>
<testsuite tests="7" failures="5" name="TestSuite" time="151.137" errors="0" skipped="0">
  <properties>
[...]
</properties>
  <testcase classname="com.payBox.testCases.TC_AddFolderTest" name="addNewFolder" time="22.177">
    <failure message="expected [true] but found [false]" type="java.lang.AssertionError">java.lang.AssertionError: expected [true] but found [false]
	at org.testng.Assert.fail(Assert.java:96)
	at org.testng.Assert.failNotEquals(Assert.java:776)
	at org.testng.Assert.assertTrue(Assert.java:44)
	at org.testng.Assert.assertTrue(Assert.java:54)
	at com.payBox.testCases.TC_AddFolderTest.addNewFolder(TC_AddFolderTest.java:44)
</failure>
    <system-out>[TestNGContentHandler] [WARN] It is strongly recommended to add &quot;&lt;!DOCTYPE suite SYSTEM &quot;http://testng.org/testng-1.0.dtd&quot; &gt;&quot; at the top of your file, otherwise TestNG may fail or not work as expected.
**********************
Add New Folder Test Case

 Folder already present. Please try with another name 

</system-out>
    <system-err>SLF4J: Failed to load class &quot;org.slf4j.impl.StaticLoggerBinder&quot;.
SLF4J: Defaulting to no-operation (NOP) logger implementation
SLF4J: See http://www.slf4j.org/codes.html#StaticLoggerBinder for further details.
Starting ChromeDriver 90.0.4430.24 (4c6d850f087da467d926e8eddb76550aed655991-refs/branch-heads/4430@{#429}) on port 6150
Only local connections are allowed.
Please see https://chromedriver.chromium.org/security-considerations for suggestions on keeping ChromeDriver safe.
ChromeDriver was started successfully.
May 20, 2021 12:55:53 AM org.openqa.selenium.remote.ProtocolHandshake createSession
INFO: Detected dialect: W3C
</system-err>
  </testcase>
  <testcase classname="com.payBox.testCases.TC_UploadTest" name="uploadFile" time="52.515"/>
  <testcase classname="com.payBox.testCases.TC_LoginTest_DDT" name="loginTest" time="41.5"/>
  <testcase classname="com.payBox.testCases.TC_LoginTest_DDT" name="loginTest" time="12.032">
    <failure message="expected [true] but found [false]" type="java.lang.AssertionError">java.lang.AssertionError: expected [true] but found [false]
	at org.testng.Assert.fail(Assert.java:96)
	at org.testng.Assert.failNotEquals(Assert.java:776)
	at org.testng.Assert.assertTrue(Assert.java:44)
	at org.testng.Assert.assertTrue(Assert.java:54)
	at com.payBox.testCases.TC_LoginTest_DDT.loginTest(TC_LoginTest_DDT.java:40)
</failure>
  </testcase>
  <testcase classname="com.payBox.testCases.TC_LoginTest_DDT" name="loginTest" time="7.485">
    <failure message="expected [true] but found [false]" type="java.lang.AssertionError">java.lang.AssertionError: expected [true] but found [false]
	at org.testng.Assert.fail(Assert.java:96)
	at org.testng.Assert.failNotEquals(Assert.java:776)
	at org.testng.Assert.assertTrue(Assert.java:44)
	at org.testng.Assert.assertTrue(Assert.java:54)
	at com.payBox.testCases.TC_LoginTest_DDT.loginTest(TC_LoginTest_DDT.java:40)
</failure>
  </testcase>
  <testcase classname="com.payBox.testCases.TC_LoginTest_DDT" name="loginTest" time="7.957">
    <failure message="expected [true] but found [false]" type="java.lang.AssertionError">java.lang.AssertionError: expected [true] but found [false]
	at org.testng.Assert.fail(Assert.java:96)
	at org.testng.Assert.failNotEquals(Assert.java:776)
	at org.testng.Assert.assertTrue(Assert.java:44)
	at org.testng.Assert.assertTrue(Assert.java:54)
	at com.payBox.testCases.TC_LoginTest_DDT.loginTest(TC_LoginTest_DDT.java:40)
</failure>
  </testcase>
  <testcase classname="com.payBox.testCases.TC_LoginTest_DDT" name="loginTest" time="7.471">
    <failure message="expected [true] but found [false]" type="java.lang.AssertionError">java.lang.AssertionError: expected [true] but found [false]
	at org.testng.Assert.fail(Assert.java:96)
	at org.testng.Assert.failNotEquals(Assert.java:776)
	at org.testng.Assert.assertTrue(Assert.java:44)
	at org.testng.Assert.assertTrue(Assert.java:54)
	at com.payBox.testCases.TC_LoginTest_DDT.loginTest(TC_LoginTest_DDT.java:40)
</failure>
  </testcase>
</testsuite>