<?xml version="1.0" encoding="UTF-8"?>
<testng-results skipped="0" failed="0" ignored="0" total="1" passed="1">
  <reporter-output>
  </reporter-output>
  <suite name="PayBox Test Suite" duration-ms="34828" started-at="2021-05-19T01:23:54Z" finished-at="2021-05-19T01:24:28Z">
    <groups>
    </groups>
    <test name="Box Test Cases" duration-ms="34828" started-at="2021-05-19T01:23:54Z" finished-at="2021-05-19T01:24:28Z">
      <class name="com.payBox.testCases.TC_HomeTest">
        <test-method status="PASS" signature="setUp(java.lang.String)[pri:0, instance:com.payBox.testCases.TC_HomeTest@13acb0d1]" name="setUp" is-config="true" duration-ms="7658" started-at="2021-05-19T01:23:54Z" finished-at="2021-05-19T01:24:01Z">
          <params>
            <param index="0">
              <value>
                <![CDATA[chrome]]>
              </value>
            </param>
          </params>
          <reporter-output>
          </reporter-output>
        </test-method> <!-- setUp -->
        <test-method status="PASS" signature="addNewFolder()[pri:0, instance:com.payBox.testCases.TC_HomeTest@13acb0d1]" name="addNewFolder" duration-ms="26172" started-at="2021-05-19T01:24:01Z" finished-at="2021-05-19T01:24:27Z">
          <reporter-output>
          </reporter-output>
        </test-method> <!-- addNewFolder -->
        <test-method status="PASS" signature="tearDown()[pri:0, instance:com.payBox.testCases.TC_HomeTest@13acb0d1]" name="tearDown" is-config="true" duration-ms="947" started-at="2021-05-19T01:24:27Z" finished-at="2021-05-19T01:24:28Z">
          <reporter-output>
          </reporter-output>
        </test-method> <!-- tearDown -->
      </class> <!-- com.payBox.testCases.TC_HomeTest -->
    </test> <!-- Box Test Cases -->
  </suite> <!-- PayBox Test Suite -->
</testng-results>
